TN:
SF:src/services/geminiService.ts
FN:10,(anonymous_0)
FN:20,(anonymous_1)
FN:35,(anonymous_2)
FN:154,(anonymous_3)
FN:173,(anonymous_4)
FN:178,(anonymous_5)
FN:212,(anonymous_6)
FN:245,(anonymous_7)
FN:255,(anonymous_8)
FN:305,(anonymous_9)
FN:328,(anonymous_10)
FN:336,(anonymous_11)
FN:337,(anonymous_12)
FN:385,(anonymous_13)
FN:410,(anonymous_14)
FN:462,(anonymous_15)
FN:479,(anonymous_16)
FN:481,(anonymous_17)
FNF:18
FNH:5
FNDA:2,(anonymous_0)
FNDA:3,(anonymous_1)
FNDA:3,(anonymous_2)
FNDA:2,(anonymous_3)
FNDA:0,(anonymous_4)
FNDA:0,(anonymous_5)
FNDA:0,(anonymous_6)
FNDA:0,(anonymous_7)
FNDA:0,(anonymous_8)
FNDA:0,(anonymous_9)
FNDA:3,(anonymous_10)
FNDA:0,(anonymous_11)
FNDA:0,(anonymous_12)
FNDA:0,(anonymous_13)
FNDA:0,(anonymous_14)
FNDA:0,(anonymous_15)
FNDA:0,(anonymous_16)
FNDA:0,(anonymous_17)
DA:7,1
DA:8,1
DA:10,1
DA:11,2
DA:12,2
DA:13,38
DA:14,38
DA:15,38
DA:17,2
DA:20,1
DA:21,3
DA:22,3
DA:23,1
DA:27,2
DA:28,2
DA:29,2
DA:30,2
DA:32,2
DA:35,1
DA:36,3
DA:37,3
DA:40,1
DA:114,1
DA:133,1
DA:154,1
DA:155,2
DA:156,2
DA:158,2
DA:159,1
DA:161,1
DA:162,0
DA:164,1
DA:165,0
DA:167,1
DA:168,1
DA:170,0
DA:173,1
DA:178,0
DA:179,0
DA:180,0
DA:181,0
DA:183,0
DA:184,0
DA:186,0
DA:187,0
DA:189,0
DA:190,0
DA:193,0
DA:194,0
DA:195,0
DA:197,0
DA:198,0
DA:200,0
DA:201,0
DA:204,0
DA:205,0
DA:207,0
DA:209,0
DA:212,1
DA:217,0
DA:218,0
DA:219,0
DA:220,0
DA:221,0
DA:222,0
DA:233,0
DA:234,0
DA:235,0
DA:236,0
DA:237,0
DA:239,0
DA:242,0
DA:243,0
DA:245,0
DA:249,0
DA:251,0
DA:255,1
DA:261,0
DA:262,0
DA:263,0
DA:264,0
DA:265,0
DA:266,0
DA:267,0
DA:268,0
DA:269,0
DA:280,0
DA:281,0
DA:282,0
DA:284,0
DA:285,0
DA:286,0
DA:288,0
DA:291,0
DA:292,0
DA:294,0
DA:305,0
DA:321,0
DA:323,0
DA:328,1
DA:333,3
DA:334,3
DA:335,2
DA:336,2
DA:337,3
DA:338,3
DA:352,3
DA:360,1
DA:361,3
DA:362,0
DA:364,1
DA:365,1
DA:366,1
DA:368,0
DA:371,2
DA:372,2
DA:374,0
DA:379,0
DA:381,2
DA:385,1
DA:386,0
DA:387,0
DA:388,0
DA:390,0
DA:391,0
DA:401,0
DA:402,0
DA:403,0
DA:406,0
DA:410,1
DA:414,0
DA:415,0
DA:417,0
DA:419,0
DA:429,0
DA:430,0
DA:442,0
DA:443,0
DA:444,0
DA:447,0
DA:448,0
DA:449,0
DA:451,0
DA:453,0
DA:462,1
DA:466,0
DA:467,0
DA:469,0
DA:478,0
DA:479,0
DA:481,0
DA:484,0
DA:497,0
DA:498,0
DA:508,0
DA:509,0
DA:510,0
DA:513,0
DA:514,0
DA:519,0
LF:160
LH:55
BRDA:22,0,0,1
BRDA:22,0,1,2
BRDA:28,1,0,2
BRDA:28,1,1,0
BRDA:28,2,0,2
BRDA:28,2,1,0
BRDA:156,3,0,2
BRDA:156,3,1,0
BRDA:158,4,0,1
BRDA:158,4,1,1
BRDA:158,5,0,2
BRDA:158,5,1,2
BRDA:161,6,0,0
BRDA:161,6,1,1
BRDA:161,7,0,1
BRDA:161,7,1,1
BRDA:164,8,0,0
BRDA:164,8,1,1
BRDA:167,9,0,1
BRDA:167,9,1,0
BRDA:178,10,0,0
BRDA:178,10,1,0
BRDA:183,11,0,0
BRDA:183,11,1,0
BRDA:186,12,0,0
BRDA:186,12,1,0
BRDA:189,13,0,0
BRDA:189,13,1,0
BRDA:194,14,0,0
BRDA:194,14,1,0
BRDA:197,15,0,0
BRDA:197,15,1,0
BRDA:200,16,0,0
BRDA:200,16,1,0
BRDA:230,17,0,0
BRDA:230,17,1,0
BRDA:234,18,0,0
BRDA:234,18,1,0
BRDA:236,19,0,0
BRDA:236,19,1,0
BRDA:236,20,0,0
BRDA:236,20,1,0
BRDA:236,20,2,0
BRDA:242,21,0,0
BRDA:242,21,1,0
BRDA:243,22,0,0
BRDA:243,22,1,0
BRDA:243,23,0,0
BRDA:243,23,1,0
BRDA:277,24,0,0
BRDA:277,24,1,0
BRDA:281,25,0,0
BRDA:281,25,1,0
BRDA:285,26,0,0
BRDA:285,26,1,0
BRDA:285,27,0,0
BRDA:285,27,1,0
BRDA:285,27,2,0
BRDA:291,28,0,0
BRDA:291,28,1,0
BRDA:292,29,0,0
BRDA:292,29,1,0
BRDA:292,30,0,0
BRDA:292,30,1,0
BRDA:336,31,0,2
BRDA:336,31,1,2
BRDA:337,32,0,3
BRDA:337,32,1,2
BRDA:361,33,0,0
BRDA:361,33,1,3
BRDA:365,34,0,1
BRDA:365,34,1,0
BRDA:365,35,0,1
BRDA:365,35,1,1
BRDA:371,36,0,2
BRDA:371,36,1,0
BRDA:372,37,0,0
BRDA:372,37,1,2
BRDA:372,38,0,2
BRDA:372,38,1,2
BRDA:402,39,0,0
BRDA:402,39,1,0
BRDA:443,40,0,0
BRDA:443,40,1,0
BRDA:448,41,0,0
BRDA:448,41,1,0
BRDA:448,42,0,0
BRDA:448,42,1,0
BRDA:448,42,2,0
BRDA:492,43,0,0
BRDA:492,43,1,0
BRDA:509,44,0,0
BRDA:509,44,1,0
BRDA:515,45,0,0
BRDA:515,45,1,0
BRDA:516,46,0,0
BRDA:516,46,1,0
BRF:97
BRH:26
end_of_record
TN:
SF:src/test/msw/handlers.ts
FN:5,(anonymous_0)
FNF:1
FNH:1
FNDA:1,(anonymous_0)
DA:3,2
DA:6,1
LF:2
LH:2
BRF:0
BRH:0
end_of_record
TN:
SF:src/test/msw/server.ts
FNF:0
FNH:0
DA:4,2
LF:1
LH:1
BRF:0
BRH:0
end_of_record
